[0m13:43:26.814172 [debug] [MainThread]: Sending event: {'category': 'dbt', 'action': 'invocation', 'label': 'start', 'context': [<snowplow_tracker.self_describing_json.SelfDescribingJson object at 0x104961130>, <snowplow_tracker.self_describing_json.SelfDescribingJson object at 0x118180ef0>, <snowplow_tracker.self_describing_json.SelfDescribingJson object at 0x118180c20>]}


============================== 13:43:26.817559 | 6f6cb4f5-1e4c-49d0-bf2c-ef5df58302a3 ==============================
[0m13:43:26.817559 [info ] [MainThread]: Running with dbt=1.8.7
[0m13:43:26.817949 [debug] [MainThread]: running dbt with arguments {'printer_width': '80', 'target_path': 'None', 'use_colors': 'True', 'warn_error_options': 'WarnErrorOptions(include=[], exclude=[])', 'send_anonymous_usage_stats': 'True', 'empty': 'None', 'profiles_dir': '/Users/spartan/.dbt', 'log_cache_events': 'False', 'no_print': 'None', 'log_format': 'default', 'use_experimental_parser': 'False', 'warn_error': 'None', 'introspect': 'True', 'partial_parse': 'True', 'version_check': 'True', 'static_parser': 'True', 'log_path': 'logs', 'indirect_selection': 'eager', 'quiet': 'False', 'write_json': 'True', 'debug': 'False', 'invocation_command': 'dbt init build_mau', 'fail_fast': 'False', 'cache_selected_only': 'False'}
[0m13:43:26.855524 [debug] [MainThread]: Starter project path: /Users/spartan/Desktop/anaconda3/lib/python3.12/site-packages/dbt/include/starter_project
[0m13:43:26.891580 [info ] [MainThread]: 
Your new dbt project "build_mau" was created!

For more information on how to configure the profiles.yml file,
please consult the dbt documentation here:

  https://docs.getdbt.com/docs/configure-your-profile

One more thing:

Need help? Don't hesitate to reach out to us via GitHub issues or on Slack:

  https://community.getdbt.com/

Happy modeling!

[0m13:43:26.891862 [info ] [MainThread]: Setting up your profile.
[0m13:47:40.191066 [info ] [MainThread]: Profile build_mau written to /Users/spartan/.dbt/profiles.yml using target's profile_template.yml and your supplied values. Run 'dbt debug' to validate the connection.
[0m13:47:40.198806 [debug] [MainThread]: Resource report: {"command_name": "init", "command_success": true, "command_wall_clock_time": 253.43695, "process_user_time": 2.9521, "process_kernel_time": 1.928587, "process_mem_max_rss": "187711488", "process_in_blocks": "0", "process_out_blocks": "0"}
[0m13:47:40.199278 [debug] [MainThread]: Command `dbt init` succeeded at 13:47:40.199211 after 253.44 seconds
[0m13:47:40.199522 [debug] [MainThread]: Sending event: {'category': 'dbt', 'action': 'invocation', 'label': 'end', 'context': [<snowplow_tracker.self_describing_json.SelfDescribingJson object at 0x106dba9c0>, <snowplow_tracker.self_describing_json.SelfDescribingJson object at 0x12f0e6930>, <snowplow_tracker.self_describing_json.SelfDescribingJson object at 0x12fe21a00>]}
[0m13:47:40.199758 [debug] [MainThread]: Flushing usage events
[0m13:47:58.617953 [debug] [MainThread]: Sending event: {'category': 'dbt', 'action': 'invocation', 'label': 'start', 'context': [<snowplow_tracker.self_describing_json.SelfDescribingJson object at 0x107b04560>, <snowplow_tracker.self_describing_json.SelfDescribingJson object at 0x107e7ce00>, <snowplow_tracker.self_describing_json.SelfDescribingJson object at 0x107e7cbc0>]}


============================== 13:47:58.620589 | 263e794c-fb55-4eed-87df-d11a9d599e76 ==============================
[0m13:47:58.620589 [info ] [MainThread]: Running with dbt=1.8.7
[0m13:47:58.620966 [debug] [MainThread]: running dbt with arguments {'debug': 'False', 'use_experimental_parser': 'False', 'partial_parse': 'True', 'warn_error_options': 'WarnErrorOptions(include=[], exclude=[])', 'version_check': 'True', 'log_cache_events': 'False', 'no_print': 'None', 'profiles_dir': '/Users/spartan/.dbt', 'use_colors': 'True', 'static_parser': 'True', 'target_path': 'None', 'quiet': 'False', 'warn_error': 'None', 'invocation_command': 'dbt debug', 'cache_selected_only': 'False', 'fail_fast': 'False', 'introspect': 'True', 'empty': 'None', 'log_path': 'logs', 'send_anonymous_usage_stats': 'True', 'printer_width': '80', 'indirect_selection': 'eager', 'write_json': 'True', 'log_format': 'default'}
[0m13:47:58.649839 [info ] [MainThread]: dbt version: 1.8.7
[0m13:47:58.650114 [info ] [MainThread]: python version: 3.12.4
[0m13:47:58.650277 [info ] [MainThread]: python path: /Users/spartan/Desktop/anaconda3/bin/python
[0m13:47:58.650426 [info ] [MainThread]: os info: macOS-14.7.1-arm64-arm-64bit
[0m13:48:01.048708 [info ] [MainThread]: Using profiles dir at /Users/spartan/.dbt
[0m13:48:01.049014 [info ] [MainThread]: Using profiles.yml file at /Users/spartan/.dbt/profiles.yml
[0m13:48:01.049166 [info ] [MainThread]: Using dbt_project.yml file at /Users/spartan/Desktop/sjsu-data226-main/week10/dbt_project.yml
[0m13:48:01.050398 [info ] [MainThread]: adapter type: snowflake
[0m13:48:01.050601 [info ] [MainThread]: adapter version: 1.8.4
[0m13:48:01.050761 [info ] [MainThread]: Configuration:
[0m13:48:01.050899 [info ] [MainThread]:   profiles.yml file [[32mOK found and valid[0m]
[0m13:48:01.051019 [info ] [MainThread]:   dbt_project.yml file [[31mERROR not found[0m]
[0m13:48:01.051142 [info ] [MainThread]: Required dependencies:
[0m13:48:01.051402 [debug] [MainThread]: Executing "git --help"
[0m13:48:01.092924 [debug] [MainThread]: STDOUT: "b"usage: git [-v | --version] [-h | --help] [-C <path>] [-c <name>=<value>]\n           [--exec-path[=<path>]] [--html-path] [--man-path] [--info-path]\n           [-p | --paginate | -P | --no-pager] [--no-replace-objects] [--bare]\n           [--git-dir=<path>] [--work-tree=<path>] [--namespace=<name>]\n           [--super-prefix=<path>] [--config-env=<name>=<envvar>]\n           <command> [<args>]\n\nThese are common Git commands used in various situations:\n\nstart a working area (see also: git help tutorial)\n   clone     Clone a repository into a new directory\n   init      Create an empty Git repository or reinitialize an existing one\n\nwork on the current change (see also: git help everyday)\n   add       Add file contents to the index\n   mv        Move or rename a file, a directory, or a symlink\n   restore   Restore working tree files\n   rm        Remove files from the working tree and from the index\n\nexamine the history and state (see also: git help revisions)\n   bisect    Use binary search to find the commit that introduced a bug\n   diff      Show changes between commits, commit and working tree, etc\n   grep      Print lines matching a pattern\n   log       Show commit logs\n   show      Show various types of objects\n   status    Show the working tree status\n\ngrow, mark and tweak your common history\n   branch    List, create, or delete branches\n   commit    Record changes to the repository\n   merge     Join two or more development histories together\n   rebase    Reapply commits on top of another base tip\n   reset     Reset current HEAD to the specified state\n   switch    Switch branches\n   tag       Create, list, delete or verify a tag object signed with GPG\n\ncollaborate (see also: git help workflows)\n   fetch     Download objects and refs from another repository\n   pull      Fetch from and integrate with another repository or a local branch\n   push      Update remote refs along with associated objects\n\n'git help -a' and 'git help -g' list available subcommands and some\nconcept guides. See 'git help <command>' or 'git help <concept>'\nto read about a specific subcommand or concept.\nSee 'git help git' for an overview of the system.\n""
[0m13:48:01.093507 [debug] [MainThread]: STDERR: "b''"
[0m13:48:01.093706 [info ] [MainThread]:  - git [[32mOK found[0m]

[0m13:48:01.093871 [info ] [MainThread]: Connection:
[0m13:48:01.094148 [info ] [MainThread]:   account: QRFXIES-HUB68133
[0m13:48:01.094298 [info ] [MainThread]:   user: preethisighavis
[0m13:48:01.094427 [info ] [MainThread]:   database: dev
[0m13:48:01.094549 [info ] [MainThread]:   warehouse: compute_wh
[0m13:48:01.094665 [info ] [MainThread]:   role: ACCOUNTADMIN
[0m13:48:01.094779 [info ] [MainThread]:   schema: analytics
[0m13:48:01.094909 [info ] [MainThread]:   authenticator: None
[0m13:48:01.095024 [info ] [MainThread]:   oauth_client_id: None
[0m13:48:01.095134 [info ] [MainThread]:   query_tag: None
[0m13:48:01.095244 [info ] [MainThread]:   client_session_keep_alive: False
[0m13:48:01.095354 [info ] [MainThread]:   host: None
[0m13:48:01.095463 [info ] [MainThread]:   port: None
[0m13:48:01.095570 [info ] [MainThread]:   proxy_host: None
[0m13:48:01.095678 [info ] [MainThread]:   proxy_port: None
[0m13:48:01.095782 [info ] [MainThread]:   protocol: None
[0m13:48:01.095885 [info ] [MainThread]:   connect_retries: 1
[0m13:48:01.095991 [info ] [MainThread]:   connect_timeout: None
[0m13:48:01.096100 [info ] [MainThread]:   retry_on_database_errors: False
[0m13:48:01.096205 [info ] [MainThread]:   retry_all: False
[0m13:48:01.096310 [info ] [MainThread]:   insecure_mode: False
[0m13:48:01.096417 [info ] [MainThread]:   reuse_connections: None
[0m13:48:01.096755 [info ] [MainThread]: Registered adapter: snowflake=1.8.4
[0m13:48:01.106369 [debug] [MainThread]: Acquiring new snowflake connection 'debug'
[0m13:48:01.107766 [debug] [MainThread]: Using snowflake connection "debug"
[0m13:48:01.107953 [debug] [MainThread]: On debug: select 1 as id
[0m13:48:01.108116 [debug] [MainThread]: Opening a new connection, currently in state init
[0m13:48:02.546730 [debug] [MainThread]: SQL status: SUCCESS 1 in 1.439 seconds
[0m13:48:02.547526 [debug] [MainThread]: On debug: Close
[0m13:48:02.690766 [info ] [MainThread]:   Connection test: [[32mOK connection ok[0m]

[0m13:48:02.691775 [info ] [MainThread]: [31m1 check failed:[0m
[0m13:48:02.692275 [info ] [MainThread]: Project loading failed for the following reason:
 project path </Users/spartan/Desktop/sjsu-data226-main/week10/dbt_project.yml> not found

[0m13:48:02.698622 [debug] [MainThread]: Resource report: {"command_name": "debug", "command_wall_clock_time": 4.146119, "process_user_time": 3.272617, "process_kernel_time": 1.372741, "process_mem_max_rss": "196149248", "command_success": false, "process_in_blocks": "0", "process_out_blocks": "0"}
[0m13:48:02.699893 [debug] [MainThread]: Command `dbt debug` failed at 13:48:02.699671 after 4.15 seconds
[0m13:48:02.700546 [debug] [MainThread]: Connection 'debug' was properly closed.
[0m13:48:02.701183 [debug] [MainThread]: Sending event: {'category': 'dbt', 'action': 'invocation', 'label': 'end', 'context': [<snowplow_tracker.self_describing_json.SelfDescribingJson object at 0x12b1d8830>, <snowplow_tracker.self_describing_json.SelfDescribingJson object at 0x12ab48560>, <snowplow_tracker.self_describing_json.SelfDescribingJson object at 0x1039f88c0>]}
[0m13:48:02.701711 [debug] [MainThread]: Flushing usage events
[0m13:48:40.590242 [debug] [MainThread]: Sending event: {'category': 'dbt', 'action': 'invocation', 'label': 'start', 'context': [<snowplow_tracker.self_describing_json.SelfDescribingJson object at 0x1032afdd0>, <snowplow_tracker.self_describing_json.SelfDescribingJson object at 0x104c20fb0>, <snowplow_tracker.self_describing_json.SelfDescribingJson object at 0x104c20d70>]}


============================== 13:48:40.592970 | 89e45894-5e48-4f1d-b395-b4b967f08129 ==============================
[0m13:48:40.592970 [info ] [MainThread]: Running with dbt=1.8.7
[0m13:48:40.593341 [debug] [MainThread]: running dbt with arguments {'quiet': 'False', 'introspect': 'True', 'cache_selected_only': 'False', 'empty': 'None', 'write_json': 'True', 'static_parser': 'True', 'profiles_dir': '/Users/spartan/.dbt', 'use_colors': 'True', 'version_check': 'True', 'no_print': 'None', 'use_experimental_parser': 'False', 'fail_fast': 'False', 'partial_parse': 'True', 'log_cache_events': 'False', 'send_anonymous_usage_stats': 'True', 'invocation_command': 'dbt debug', 'log_format': 'default', 'target_path': 'None', 'log_path': '/Users/spartan/Desktop/sjsu-data226-main/week10/logs', 'indirect_selection': 'eager', 'warn_error_options': 'WarnErrorOptions(include=[], exclude=[])', 'printer_width': '80', 'warn_error': 'None', 'debug': 'False'}
[0m13:48:40.623109 [info ] [MainThread]: dbt version: 1.8.7
[0m13:48:40.623378 [info ] [MainThread]: python version: 3.12.4
[0m13:48:40.623531 [info ] [MainThread]: python path: /Users/spartan/Desktop/anaconda3/bin/python
[0m13:48:40.623669 [info ] [MainThread]: os info: macOS-14.7.1-arm64-arm-64bit
[0m13:48:42.648983 [info ] [MainThread]: Using profiles dir at /Users/spartan/.dbt
[0m13:48:42.649336 [info ] [MainThread]: Using profiles.yml file at /Users/spartan/.dbt/profiles.yml
[0m13:48:42.649513 [info ] [MainThread]: Using dbt_project.yml file at /Users/spartan/Desktop/sjsu-data226-main/week10/dbt_project.yml
[0m13:48:42.651118 [info ] [MainThread]: adapter type: snowflake
[0m13:48:42.651342 [info ] [MainThread]: adapter version: 1.8.4
[0m13:48:42.697337 [info ] [MainThread]: Configuration:
[0m13:48:42.697718 [info ] [MainThread]:   profiles.yml file [[32mOK found and valid[0m]
[0m13:48:42.697894 [info ] [MainThread]:   dbt_project.yml file [[32mOK found and valid[0m]
[0m13:48:42.698043 [info ] [MainThread]: Required dependencies:
[0m13:48:42.698363 [debug] [MainThread]: Executing "git --help"
[0m13:48:42.738078 [debug] [MainThread]: STDOUT: "b"usage: git [-v | --version] [-h | --help] [-C <path>] [-c <name>=<value>]\n           [--exec-path[=<path>]] [--html-path] [--man-path] [--info-path]\n           [-p | --paginate | -P | --no-pager] [--no-replace-objects] [--bare]\n           [--git-dir=<path>] [--work-tree=<path>] [--namespace=<name>]\n           [--super-prefix=<path>] [--config-env=<name>=<envvar>]\n           <command> [<args>]\n\nThese are common Git commands used in various situations:\n\nstart a working area (see also: git help tutorial)\n   clone     Clone a repository into a new directory\n   init      Create an empty Git repository or reinitialize an existing one\n\nwork on the current change (see also: git help everyday)\n   add       Add file contents to the index\n   mv        Move or rename a file, a directory, or a symlink\n   restore   Restore working tree files\n   rm        Remove files from the working tree and from the index\n\nexamine the history and state (see also: git help revisions)\n   bisect    Use binary search to find the commit that introduced a bug\n   diff      Show changes between commits, commit and working tree, etc\n   grep      Print lines matching a pattern\n   log       Show commit logs\n   show      Show various types of objects\n   status    Show the working tree status\n\ngrow, mark and tweak your common history\n   branch    List, create, or delete branches\n   commit    Record changes to the repository\n   merge     Join two or more development histories together\n   rebase    Reapply commits on top of another base tip\n   reset     Reset current HEAD to the specified state\n   switch    Switch branches\n   tag       Create, list, delete or verify a tag object signed with GPG\n\ncollaborate (see also: git help workflows)\n   fetch     Download objects and refs from another repository\n   pull      Fetch from and integrate with another repository or a local branch\n   push      Update remote refs along with associated objects\n\n'git help -a' and 'git help -g' list available subcommands and some\nconcept guides. See 'git help <command>' or 'git help <concept>'\nto read about a specific subcommand or concept.\nSee 'git help git' for an overview of the system.\n""
[0m13:48:42.738785 [debug] [MainThread]: STDERR: "b''"
[0m13:48:42.738987 [info ] [MainThread]:  - git [[32mOK found[0m]

[0m13:48:42.739191 [info ] [MainThread]: Connection:
[0m13:48:42.739384 [info ] [MainThread]:   account: QRFXIES-HUB68133
[0m13:48:42.739524 [info ] [MainThread]:   user: preethisighavis
[0m13:48:42.739654 [info ] [MainThread]:   database: dev
[0m13:48:42.739784 [info ] [MainThread]:   warehouse: compute_wh
[0m13:48:42.739908 [info ] [MainThread]:   role: ACCOUNTADMIN
[0m13:48:42.740033 [info ] [MainThread]:   schema: analytics
[0m13:48:42.740163 [info ] [MainThread]:   authenticator: None
[0m13:48:42.740287 [info ] [MainThread]:   oauth_client_id: None
[0m13:48:42.740422 [info ] [MainThread]:   query_tag: None
[0m13:48:42.740547 [info ] [MainThread]:   client_session_keep_alive: False
[0m13:48:42.740667 [info ] [MainThread]:   host: None
[0m13:48:42.740789 [info ] [MainThread]:   port: None
[0m13:48:42.740911 [info ] [MainThread]:   proxy_host: None
[0m13:48:42.741038 [info ] [MainThread]:   proxy_port: None
[0m13:48:42.741156 [info ] [MainThread]:   protocol: None
[0m13:48:42.741275 [info ] [MainThread]:   connect_retries: 1
[0m13:48:42.741393 [info ] [MainThread]:   connect_timeout: None
[0m13:48:42.741512 [info ] [MainThread]:   retry_on_database_errors: False
[0m13:48:42.741632 [info ] [MainThread]:   retry_all: False
[0m13:48:42.741748 [info ] [MainThread]:   insecure_mode: False
[0m13:48:42.741868 [info ] [MainThread]:   reuse_connections: None
[0m13:48:42.742242 [info ] [MainThread]: Registered adapter: snowflake=1.8.4
[0m13:48:42.750610 [debug] [MainThread]: Acquiring new snowflake connection 'debug'
[0m13:48:42.752118 [debug] [MainThread]: Using snowflake connection "debug"
[0m13:48:42.752306 [debug] [MainThread]: On debug: select 1 as id
[0m13:48:42.752454 [debug] [MainThread]: Opening a new connection, currently in state init
[0m13:48:44.061309 [debug] [MainThread]: SQL status: SUCCESS 1 in 1.309 seconds
[0m13:48:44.064272 [debug] [MainThread]: On debug: Close
[0m13:48:44.210234 [info ] [MainThread]:   Connection test: [[32mOK connection ok[0m]

[0m13:48:44.211057 [info ] [MainThread]: [32mAll checks passed![0m
[0m13:48:44.217578 [debug] [MainThread]: Resource report: {"command_name": "debug", "command_success": true, "command_wall_clock_time": 3.6706855, "process_user_time": 3.025016, "process_kernel_time": 1.186423, "process_mem_max_rss": "197591040", "process_in_blocks": "0", "process_out_blocks": "0"}
[0m13:48:44.218715 [debug] [MainThread]: Command `dbt debug` succeeded at 13:48:44.218540 after 3.67 seconds
[0m13:48:44.219280 [debug] [MainThread]: Connection 'debug' was properly closed.
[0m13:48:44.219849 [debug] [MainThread]: Sending event: {'category': 'dbt', 'action': 'invocation', 'label': 'end', 'context': [<snowplow_tracker.self_describing_json.SelfDescribingJson object at 0x124a7ee70>, <snowplow_tracker.self_describing_json.SelfDescribingJson object at 0x124a26b40>, <snowplow_tracker.self_describing_json.SelfDescribingJson object at 0x1302edd00>]}
[0m13:48:44.220567 [debug] [MainThread]: Flushing usage events
